0.20000000298023224
0.9390000104904175
0.8090000152587891
0.6890000104904175
0.27000001072883606
0.6209999918937683
0.125
0.2639999985694885
0.4950000047683716
0.3059999942779541
0.4690000116825104
0.382999986410141
0.7699999809265137
0.6710000038146973
0.2529999911785126
0.5070000290870667
0.21699999272823334
0.5249999761581421
0.5720000267028809
0.020999999716877937
841.0
89.0
820.0
122.0
744.0
797.0
361.0
259.0
19.0
435.0
692.0469970703125
384.7139892578125
988.3870239257812
221.51600646972656
712.3679809570312
355.1440124511719
474.4289855957031
918.0900268554688
835.4500122070312
323.7239990234375
353.3070068359375
960.7990112304688
782.1790161132812
238.71499633789062
504.0769958496094
517.1430053710938
836.8079833984375
150.44900512695312
324.0679931640625
349.0140075683594
351.3840026855469
17.45400047302246
897.6420288085938
48.41600036621094
711.7449951171875
416.33099365234375
946.3489990234375
402.77099609375
574.833984375
317.1159973144531
694.176025390625
114.24800109863281
431.6830139160156
101.89199829101562
506.84698486328125
24.242000579833984
863.343017578125
264.4219970703125
246.3070068359375
545.97998046875
8.906000137329102
858.5540161132812
962.0889892578125
588.031005859375
608.0479736328125
177.64199829101562
8.496000289916992
460.3059997558594
389.3089904785156
321.16900634765625
