#! /usr/bin/vvp
:ivl_version "10.1 (stable)";
:ivl_delay_selection "TYPICAL";
:vpi_time_precision + 0;
:vpi_module "system";
:vpi_module "vhdl_sys";
:vpi_module "v2005_math";
:vpi_module "va_math";
S_0x5608823bb110 .scope module, "main" "main" 2 1;
 .timescale 0 0;
v0x5608823bb290_0 .var "x", 7 0;
    .scope S_0x5608823bb110;
T_0 ;
    %pushi/vec4 51, 0, 8;
    %store/vec4 v0x5608823bb290_0, 0, 8;
    %end;
    .thread T_0;
    .scope S_0x5608823bb110;
T_1 ;
    %vpi_call 2 7 "$display", "%b na base 10 vale %d", v0x5608823bb290_0, v0x5608823bb290_0 {0 0 0};
    %vpi_call 2 8 "$display", "%b na base 4 vale %d%d%d%d", v0x5608823bb290_0, &PV<v0x5608823bb290_0, 6, 2>, &PV<v0x5608823bb290_0, 4, 2>, &PV<v0x5608823bb290_0, 2, 2>, &PV<v0x5608823bb290_0, 0, 2> {0 0 0};
    %vpi_call 2 9 "$display", "%b na base 8 vale %d%d%d", v0x5608823bb290_0, &PV<v0x5608823bb290_0, 6, 2>, &PV<v0x5608823bb290_0, 3, 3>, &PV<v0x5608823bb290_0, 0, 3> {0 0 0};
    %vpi_call 2 10 "$display", "%b na base 16 vale %h", v0x5608823bb290_0, v0x5608823bb290_0 {0 0 0};
    %vpi_call 2 11 "$finish" {0 0 0};
    %end;
    .thread T_1;
# The file index is used to find the file name in the following table.
:file_names 3;
    "N/A";
    "<interactive>";
    "teste.v";
